----------------------------------------
Exception occurred during processing of request from ('127.0.0.1', 60044)
Traceback (most recent call last):
  File "C:\Python314\Lib\socketserver.py", line 697, in process_request_thread
    self.finish_request(request, client_address)
    ~~~~~~~~~~~~~~~~~~~^^^^^^^^^^^^^^^^^^^^^^^^^
  File "C:\Python314\Lib\socketserver.py", line 362, in finish_request
    self.RequestHandlerClass(request, client_address, self)
    ~~~~~~~~~~~~~~~~~~~~~~~~^^^^^^^^^^^^^^^^^^^^^^^^^^^^^^^
  File "C:\Python314\Lib\socketserver.py", line 766, in __init__
    self.handle()
    ~~~~~~~~~~~^^
  File "C:\Python314\Lib\http\server.py", line 485, in handle
    self.handle_one_request()
    ~~~~~~~~~~~~~~~~~~~~~~~^^
  File "C:\Python314\Lib\http\server.py", line 473, in handle_one_request
    method()
    ~~~~~~^^
  File "E:\Hexo-BotTrainer\packages\hexo_frontend\python\hexo_frontend\web.py", line 503, in do_GET
    self._send_json(self.controller.state(since=since, timeout_ms=timeout_ms))
    ~~~~~~~~~~~~~~~^^^^^^^^^^^^^^^^^^^^^^^^^^^^^^^^^^^^^^^^^^^^^^^^^^^^^^^^^^^
  File "E:\Hexo-BotTrainer\packages\hexo_frontend\python\hexo_frontend\web.py", line 567, in _send_json
    self.wfile.write(encoded)
    ~~~~~~~~~~~~~~~~^^^^^^^^^
  File "C:\Python314\Lib\socketserver.py", line 845, in write
    self._sock.sendall(b)
    ~~~~~~~~~~~~~~~~~~^^^
ConnectionAbortedError: [WinError 10053] An established connection was aborted by the software in your host machine
----------------------------------------
----------------------------------------
Exception occurred during processing of request from ('127.0.0.1', 60057)
Traceback (most recent call last):
  File "C:\Python314\Lib\socketserver.py", line 697, in process_request_thread
    self.finish_request(request, client_address)
    ~~~~~~~~~~~~~~~~~~~^^^^^^^^^^^^^^^^^^^^^^^^^
  File "C:\Python314\Lib\socketserver.py", line 362, in finish_request
    self.RequestHandlerClass(request, client_address, self)
    ~~~~~~~~~~~~~~~~~~~~~~~~^^^^^^^^^^^^^^^^^^^^^^^^^^^^^^^
  File "C:\Python314\Lib\socketserver.py", line 766, in __init__
    self.handle()
    ~~~~~~~~~~~^^
  File "C:\Python314\Lib\http\server.py", line 485, in handle
    self.handle_one_request()
    ~~~~~~~~~~~~~~~~~~~~~~~^^
  File "C:\Python314\Lib\http\server.py", line 473, in handle_one_request
    method()
    ~~~~~~^^
  File "E:\Hexo-BotTrainer\packages\hexo_frontend\python\hexo_frontend\web.py", line 503, in do_GET
    self._send_json(self.controller.state(since=since, timeout_ms=timeout_ms))
    ~~~~~~~~~~~~~~~^^^^^^^^^^^^^^^^^^^^^^^^^^^^^^^^^^^^^^^^^^^^^^^^^^^^^^^^^^^
  File "E:\Hexo-BotTrainer\packages\hexo_frontend\python\hexo_frontend\web.py", line 567, in _send_json
    self.wfile.write(encoded)
    ~~~~~~~~~~~~~~~~^^^^^^^^^
  File "C:\Python314\Lib\socketserver.py", line 845, in write
    self._sock.sendall(b)
    ~~~~~~~~~~~~~~~~~~^^^
ConnectionAbortedError: [WinError 10053] An established connection was aborted by the software in your host machine
----------------------------------------
----------------------------------------
Exception occurred during processing of request from ('127.0.0.1', 60062)
Traceback (most recent call last):
  File "C:\Python314\Lib\socketserver.py", line 697, in process_request_thread
    self.finish_request(request, client_address)
    ~~~~~~~~~~~~~~~~~~~^^^^^^^^^^^^^^^^^^^^^^^^^
  File "C:\Python314\Lib\socketserver.py", line 362, in finish_request
    self.RequestHandlerClass(request, client_address, self)
    ~~~~~~~~~~~~~~~~~~~~~~~~^^^^^^^^^^^^^^^^^^^^^^^^^^^^^^^
  File "C:\Python314\Lib\socketserver.py", line 766, in __init__
    self.handle()
    ~~~~~~~~~~~^^
  File "C:\Python314\Lib\http\server.py", line 485, in handle
    self.handle_one_request()
    ~~~~~~~~~~~~~~~~~~~~~~~^^
  File "C:\Python314\Lib\http\server.py", line 473, in handle_one_request
    method()
    ~~~~~~^^
  File "E:\Hexo-BotTrainer\packages\hexo_frontend\python\hexo_frontend\web.py", line 503, in do_GET
    self._send_json(self.controller.state(since=since, timeout_ms=timeout_ms))
    ~~~~~~~~~~~~~~~^^^^^^^^^^^^^^^^^^^^^^^^^^^^^^^^^^^^^^^^^^^^^^^^^^^^^^^^^^^
  File "E:\Hexo-BotTrainer\packages\hexo_frontend\python\hexo_frontend\web.py", line 567, in _send_json
    self.wfile.write(encoded)
    ~~~~~~~~~~~~~~~~^^^^^^^^^
  File "C:\Python314\Lib\socketserver.py", line 845, in write
    self._sock.sendall(b)
    ~~~~~~~~~~~~~~~~~~^^^
ConnectionAbortedError: [WinError 10053] An established connection was aborted by the software in your host machine
----------------------------------------
----------------------------------------
Exception occurred during processing of request from ('127.0.0.1', 56033)
Traceback (most recent call last):
  File "C:\Python314\Lib\socketserver.py", line 697, in process_request_thread
    self.finish_request(request, client_address)
    ~~~~~~~~~~~~~~~~~~~^^^^^^^^^^^^^^^^^^^^^^^^^
  File "C:\Python314\Lib\socketserver.py", line 362, in finish_request
    self.RequestHandlerClass(request, client_address, self)
    ~~~~~~~~~~~~~~~~~~~~~~~~^^^^^^^^^^^^^^^^^^^^^^^^^^^^^^^
  File "C:\Python314\Lib\socketserver.py", line 766, in __init__
    self.handle()
    ~~~~~~~~~~~^^
  File "C:\Python314\Lib\http\server.py", line 485, in handle
    self.handle_one_request()
    ~~~~~~~~~~~~~~~~~~~~~~~^^
  File "C:\Python314\Lib\http\server.py", line 473, in handle_one_request
    method()
    ~~~~~~^^
  File "E:\Hexo-BotTrainer\packages\hexo_frontend\python\hexo_frontend\web.py", line 503, in do_GET
    self._send_json(self.controller.state(since=since, timeout_ms=timeout_ms))
    ~~~~~~~~~~~~~~~^^^^^^^^^^^^^^^^^^^^^^^^^^^^^^^^^^^^^^^^^^^^^^^^^^^^^^^^^^^
  File "E:\Hexo-BotTrainer\packages\hexo_frontend\python\hexo_frontend\web.py", line 567, in _send_json
    self.wfile.write(encoded)
    ~~~~~~~~~~~~~~~~^^^^^^^^^
  File "C:\Python314\Lib\socketserver.py", line 845, in write
    self._sock.sendall(b)
    ~~~~~~~~~~~~~~~~~~^^^
ConnectionAbortedError: [WinError 10053] An established connection was aborted by the software in your host machine
----------------------------------------
----------------------------------------
Exception occurred during processing of request from ('127.0.0.1', 56036)
Traceback (most recent call last):
  File "C:\Python314\Lib\socketserver.py", line 697, in process_request_thread
    self.finish_request(request, client_address)
    ~~~~~~~~~~~~~~~~~~~^^^^^^^^^^^^^^^^^^^^^^^^^
  File "C:\Python314\Lib\socketserver.py", line 362, in finish_request
    self.RequestHandlerClass(request, client_address, self)
    ~~~~~~~~~~~~~~~~~~~~~~~~^^^^^^^^^^^^^^^^^^^^^^^^^^^^^^^
  File "C:\Python314\Lib\socketserver.py", line 766, in __init__
    self.handle()
    ~~~~~~~~~~~^^
  File "C:\Python314\Lib\http\server.py", line 485, in handle
    self.handle_one_request()
    ~~~~~~~~~~~~~~~~~~~~~~~^^
  File "C:\Python314\Lib\http\server.py", line 473, in handle_one_request
    method()
    ~~~~~~^^
  File "E:\Hexo-BotTrainer\packages\hexo_frontend\python\hexo_frontend\web.py", line 503, in do_GET
    self._send_json(self.controller.state(since=since, timeout_ms=timeout_ms))
    ~~~~~~~~~~~~~~~^^^^^^^^^^^^^^^^^^^^^^^^^^^^^^^^^^^^^^^^^^^^^^^^^^^^^^^^^^^
  File "E:\Hexo-BotTrainer\packages\hexo_frontend\python\hexo_frontend\web.py", line 567, in _send_json
    self.wfile.write(encoded)
    ~~~~~~~~~~~~~~~~^^^^^^^^^
  File "C:\Python314\Lib\socketserver.py", line 845, in write
    self._sock.sendall(b)
    ~~~~~~~~~~~~~~~~~~^^^
ConnectionAbortedError: [WinError 10053] An established connection was aborted by the software in your host machine
----------------------------------------
----------------------------------------
Exception occurred during processing of request from ('127.0.0.1', 56038)
Traceback (most recent call last):
  File "C:\Python314\Lib\socketserver.py", line 697, in process_request_thread
    self.finish_request(request, client_address)
    ~~~~~~~~~~~~~~~~~~~^^^^^^^^^^^^^^^^^^^^^^^^^
  File "C:\Python314\Lib\socketserver.py", line 362, in finish_request
    self.RequestHandlerClass(request, client_address, self)
    ~~~~~~~~~~~~~~~~~~~~~~~~^^^^^^^^^^^^^^^^^^^^^^^^^^^^^^^
  File "C:\Python314\Lib\socketserver.py", line 766, in __init__
    self.handle()
    ~~~~~~~~~~~^^
  File "C:\Python314\Lib\http\server.py", line 485, in handle
    self.handle_one_request()
    ~~~~~~~~~~~~~~~~~~~~~~~^^
  File "C:\Python314\Lib\http\server.py", line 473, in handle_one_request
    method()
    ~~~~~~^^
  File "E:\Hexo-BotTrainer\packages\hexo_frontend\python\hexo_frontend\web.py", line 503, in do_GET
    self._send_json(self.controller.state(since=since, timeout_ms=timeout_ms))
    ~~~~~~~~~~~~~~~^^^^^^^^^^^^^^^^^^^^^^^^^^^^^^^^^^^^^^^^^^^^^^^^^^^^^^^^^^^
  File "E:\Hexo-BotTrainer\packages\hexo_frontend\python\hexo_frontend\web.py", line 567, in _send_json
    self.wfile.write(encoded)
    ~~~~~~~~~~~~~~~~^^^^^^^^^
  File "C:\Python314\Lib\socketserver.py", line 845, in write
    self._sock.sendall(b)
    ~~~~~~~~~~~~~~~~~~^^^
ConnectionAbortedError: [WinError 10053] An established connection was aborted by the software in your host machine
----------------------------------------
----------------------------------------
Exception occurred during processing of request from ('127.0.0.1', 56041)
Traceback (most recent call last):
  File "C:\Python314\Lib\socketserver.py", line 697, in process_request_thread
    self.finish_request(request, client_address)
    ~~~~~~~~~~~~~~~~~~~^^^^^^^^^^^^^^^^^^^^^^^^^
  File "C:\Python314\Lib\socketserver.py", line 362, in finish_request
    self.RequestHandlerClass(request, client_address, self)
    ~~~~~~~~~~~~~~~~~~~~~~~~^^^^^^^^^^^^^^^^^^^^^^^^^^^^^^^
  File "C:\Python314\Lib\socketserver.py", line 766, in __init__
    self.handle()
    ~~~~~~~~~~~^^
  File "C:\Python314\Lib\http\server.py", line 485, in handle
    self.handle_one_request()
    ~~~~~~~~~~~~~~~~~~~~~~~^^
  File "C:\Python314\Lib\http\server.py", line 473, in handle_one_request
    method()
    ~~~~~~^^
  File "E:\Hexo-BotTrainer\packages\hexo_frontend\python\hexo_frontend\web.py", line 503, in do_GET
    self._send_json(self.controller.state(since=since, timeout_ms=timeout_ms))
    ~~~~~~~~~~~~~~~^^^^^^^^^^^^^^^^^^^^^^^^^^^^^^^^^^^^^^^^^^^^^^^^^^^^^^^^^^^
  File "E:\Hexo-BotTrainer\packages\hexo_frontend\python\hexo_frontend\web.py", line 567, in _send_json
    self.wfile.write(encoded)
    ~~~~~~~~~~~~~~~~^^^^^^^^^
  File "C:\Python314\Lib\socketserver.py", line 845, in write
    self._sock.sendall(b)
    ~~~~~~~~~~~~~~~~~~^^^
ConnectionAbortedError: [WinError 10053] An established connection was aborted by the software in your host machine
----------------------------------------
----------------------------------------
Exception occurred during processing of request from ('127.0.0.1', 56051)
Traceback (most recent call last):
  File "C:\Python314\Lib\socketserver.py", line 697, in process_request_thread
    self.finish_request(request, client_address)
    ~~~~~~~~~~~~~~~~~~~^^^^^^^^^^^^^^^^^^^^^^^^^
  File "C:\Python314\Lib\socketserver.py", line 362, in finish_request
    self.RequestHandlerClass(request, client_address, self)
    ~~~~~~~~~~~~~~~~~~~~~~~~^^^^^^^^^^^^^^^^^^^^^^^^^^^^^^^
  File "C:\Python314\Lib\socketserver.py", line 766, in __init__
    self.handle()
    ~~~~~~~~~~~^^
  File "C:\Python314\Lib\http\server.py", line 485, in handle
    self.handle_one_request()
    ~~~~~~~~~~~~~~~~~~~~~~~^^
  File "C:\Python314\Lib\http\server.py", line 473, in handle_one_request
    method()
    ~~~~~~^^
  File "E:\Hexo-BotTrainer\packages\hexo_frontend\python\hexo_frontend\web.py", line 503, in do_GET
    self._send_json(self.controller.state(since=since, timeout_ms=timeout_ms))
    ~~~~~~~~~~~~~~~^^^^^^^^^^^^^^^^^^^^^^^^^^^^^^^^^^^^^^^^^^^^^^^^^^^^^^^^^^^
  File "E:\Hexo-BotTrainer\packages\hexo_frontend\python\hexo_frontend\web.py", line 567, in _send_json
    self.wfile.write(encoded)
    ~~~~~~~~~~~~~~~~^^^^^^^^^
  File "C:\Python314\Lib\socketserver.py", line 845, in write
    self._sock.sendall(b)
    ~~~~~~~~~~~~~~~~~~^^^
ConnectionAbortedError: [WinError 10053] An established connection was aborted by the software in your host machine
----------------------------------------
----------------------------------------
Exception occurred during processing of request from ('127.0.0.1', 56078)
Traceback (most recent call last):
  File "C:\Python314\Lib\socketserver.py", line 697, in process_request_thread
    self.finish_request(request, client_address)
    ~~~~~~~~~~~~~~~~~~~^^^^^^^^^^^^^^^^^^^^^^^^^
  File "C:\Python314\Lib\socketserver.py", line 362, in finish_request
    self.RequestHandlerClass(request, client_address, self)
    ~~~~~~~~~~~~~~~~~~~~~~~~^^^^^^^^^^^^^^^^^^^^^^^^^^^^^^^
  File "C:\Python314\Lib\socketserver.py", line 766, in __init__
    self.handle()
    ~~~~~~~~~~~^^
  File "C:\Python314\Lib\http\server.py", line 485, in handle
    self.handle_one_request()
    ~~~~~~~~~~~~~~~~~~~~~~~^^
  File "C:\Python314\Lib\http\server.py", line 473, in handle_one_request
    method()
    ~~~~~~^^
  File "E:\Hexo-BotTrainer\packages\hexo_frontend\python\hexo_frontend\web.py", line 503, in do_GET
    self._send_json(self.controller.state(since=since, timeout_ms=timeout_ms))
    ~~~~~~~~~~~~~~~^^^^^^^^^^^^^^^^^^^^^^^^^^^^^^^^^^^^^^^^^^^^^^^^^^^^^^^^^^^
  File "E:\Hexo-BotTrainer\packages\hexo_frontend\python\hexo_frontend\web.py", line 567, in _send_json
    self.wfile.write(encoded)
    ~~~~~~~~~~~~~~~~^^^^^^^^^
  File "C:\Python314\Lib\socketserver.py", line 845, in write
    self._sock.sendall(b)
    ~~~~~~~~~~~~~~~~~~^^^
ConnectionAbortedError: [WinError 10053] An established connection was aborted by the software in your host machine
----------------------------------------
----------------------------------------
Exception occurred during processing of request from ('127.0.0.1', 50615)
Traceback (most recent call last):
  File "C:\Python314\Lib\socketserver.py", line 697, in process_request_thread
    self.finish_request(request, client_address)
    ~~~~~~~~~~~~~~~~~~~^^^^^^^^^^^^^^^^^^^^^^^^^
  File "C:\Python314\Lib\socketserver.py", line 362, in finish_request
    self.RequestHandlerClass(request, client_address, self)
    ~~~~~~~~~~~~~~~~~~~~~~~~^^^^^^^^^^^^^^^^^^^^^^^^^^^^^^^
  File "C:\Python314\Lib\socketserver.py", line 766, in __init__
    self.handle()
    ~~~~~~~~~~~^^
  File "C:\Python314\Lib\http\server.py", line 485, in handle
    self.handle_one_request()
    ~~~~~~~~~~~~~~~~~~~~~~~^^
  File "C:\Python314\Lib\http\server.py", line 473, in handle_one_request
    method()
    ~~~~~~^^
  File "E:\Hexo-BotTrainer\packages\hexo_frontend\python\hexo_frontend\web.py", line 503, in do_GET
    self._send_json(self.controller.state(since=since, timeout_ms=timeout_ms))
    ~~~~~~~~~~~~~~~^^^^^^^^^^^^^^^^^^^^^^^^^^^^^^^^^^^^^^^^^^^^^^^^^^^^^^^^^^^
  File "E:\Hexo-BotTrainer\packages\hexo_frontend\python\hexo_frontend\web.py", line 567, in _send_json
    self.wfile.write(encoded)
    ~~~~~~~~~~~~~~~~^^^^^^^^^
  File "C:\Python314\Lib\socketserver.py", line 845, in write
    self._sock.sendall(b)
    ~~~~~~~~~~~~~~~~~~^^^
ConnectionAbortedError: [WinError 10053] An established connection was aborted by the software in your host machine
----------------------------------------
----------------------------------------
Exception occurred during processing of request from ('127.0.0.1', 60478)
Traceback (most recent call last):
  File "C:\Python314\Lib\socketserver.py", line 697, in process_request_thread
    self.finish_request(request, client_address)
    ~~~~~~~~~~~~~~~~~~~^^^^^^^^^^^^^^^^^^^^^^^^^
  File "C:\Python314\Lib\socketserver.py", line 362, in finish_request
    self.RequestHandlerClass(request, client_address, self)
    ~~~~~~~~~~~~~~~~~~~~~~~~^^^^^^^^^^^^^^^^^^^^^^^^^^^^^^^
  File "C:\Python314\Lib\socketserver.py", line 766, in __init__
    self.handle()
    ~~~~~~~~~~~^^
  File "C:\Python314\Lib\http\server.py", line 485, in handle
    self.handle_one_request()
    ~~~~~~~~~~~~~~~~~~~~~~~^^
  File "C:\Python314\Lib\http\server.py", line 473, in handle_one_request
    method()
    ~~~~~~^^
  File "E:\Hexo-BotTrainer\packages\hexo_frontend\python\hexo_frontend\web.py", line 503, in do_GET
    self._send_json(self.controller.state(since=since, timeout_ms=timeout_ms))
    ~~~~~~~~~~~~~~~^^^^^^^^^^^^^^^^^^^^^^^^^^^^^^^^^^^^^^^^^^^^^^^^^^^^^^^^^^^
  File "E:\Hexo-BotTrainer\packages\hexo_frontend\python\hexo_frontend\web.py", line 567, in _send_json
    self.wfile.write(encoded)
    ~~~~~~~~~~~~~~~~^^^^^^^^^
  File "C:\Python314\Lib\socketserver.py", line 845, in write
    self._sock.sendall(b)
    ~~~~~~~~~~~~~~~~~~^^^
ConnectionAbortedError: [WinError 10053] An established connection was aborted by the software in your host machine
----------------------------------------
----------------------------------------
Exception occurred during processing of request from ('127.0.0.1', 59440)
Traceback (most recent call last):
  File "C:\Python314\Lib\socketserver.py", line 697, in process_request_thread
    self.finish_request(request, client_address)
    ~~~~~~~~~~~~~~~~~~~^^^^^^^^^^^^^^^^^^^^^^^^^
  File "C:\Python314\Lib\socketserver.py", line 362, in finish_request
    self.RequestHandlerClass(request, client_address, self)
    ~~~~~~~~~~~~~~~~~~~~~~~~^^^^^^^^^^^^^^^^^^^^^^^^^^^^^^^
  File "C:\Python314\Lib\socketserver.py", line 766, in __init__
    self.handle()
    ~~~~~~~~~~~^^
  File "C:\Python314\Lib\http\server.py", line 485, in handle
    self.handle_one_request()
    ~~~~~~~~~~~~~~~~~~~~~~~^^
  File "C:\Python314\Lib\http\server.py", line 473, in handle_one_request
    method()
    ~~~~~~^^
  File "E:\Hexo-BotTrainer\packages\hexo_frontend\python\hexo_frontend\web.py", line 503, in do_GET
    self._send_json(self.controller.state(since=since, timeout_ms=timeout_ms))
    ~~~~~~~~~~~~~~~^^^^^^^^^^^^^^^^^^^^^^^^^^^^^^^^^^^^^^^^^^^^^^^^^^^^^^^^^^^
  File "E:\Hexo-BotTrainer\packages\hexo_frontend\python\hexo_frontend\web.py", line 567, in _send_json
    self.wfile.write(encoded)
    ~~~~~~~~~~~~~~~~^^^^^^^^^
  File "C:\Python314\Lib\socketserver.py", line 845, in write
    self._sock.sendall(b)
    ~~~~~~~~~~~~~~~~~~^^^
ConnectionAbortedError: [WinError 10053] An established connection was aborted by the software in your host machine
----------------------------------------
----------------------------------------
Exception occurred during processing of request from ('127.0.0.1', 59460)
Traceback (most recent call last):
  File "C:\Python314\Lib\socketserver.py", line 697, in process_request_thread
    self.finish_request(request, client_address)
    ~~~~~~~~~~~~~~~~~~~^^^^^^^^^^^^^^^^^^^^^^^^^
  File "C:\Python314\Lib\socketserver.py", line 362, in finish_request
    self.RequestHandlerClass(request, client_address, self)
    ~~~~~~~~~~~~~~~~~~~~~~~~^^^^^^^^^^^^^^^^^^^^^^^^^^^^^^^
  File "C:\Python314\Lib\socketserver.py", line 766, in __init__
    self.handle()
    ~~~~~~~~~~~^^
  File "C:\Python314\Lib\http\server.py", line 485, in handle
    self.handle_one_request()
    ~~~~~~~~~~~~~~~~~~~~~~~^^
  File "C:\Python314\Lib\http\server.py", line 473, in handle_one_request
    method()
    ~~~~~~^^
  File "E:\Hexo-BotTrainer\packages\hexo_frontend\python\hexo_frontend\web.py", line 503, in do_GET
    self._send_json(self.controller.state(since=since, timeout_ms=timeout_ms))
    ~~~~~~~~~~~~~~~^^^^^^^^^^^^^^^^^^^^^^^^^^^^^^^^^^^^^^^^^^^^^^^^^^^^^^^^^^^
  File "E:\Hexo-BotTrainer\packages\hexo_frontend\python\hexo_frontend\web.py", line 567, in _send_json
    self.wfile.write(encoded)
    ~~~~~~~~~~~~~~~~^^^^^^^^^
  File "C:\Python314\Lib\socketserver.py", line 845, in write
    self._sock.sendall(b)
    ~~~~~~~~~~~~~~~~~~^^^
ConnectionAbortedError: [WinError 10053] An established connection was aborted by the software in your host machine
----------------------------------------
